#! c:/iverilog-x64/bin/vvp
:ivl_version "10.1 (stable)" "(v10_1_1)";
:ivl_delay_selection "TYPICAL";
:vpi_time_precision + 0;
:vpi_module "system";
:vpi_module "vhdl_sys";
:vpi_module "v2005_math";
:vpi_module "va_math";
S_00000000010dbb50 .scope module, "comparator_df_tb" "comparator_df_tb" 2 1;
 .timescale 0 0;
v00000000011ace50_0 .var "A", 3 0;
v00000000011acef0_0 .var "B", 3 0;
v0000000001130c90_0 .net "eq", 0 0, L_0000000001130f10;  1 drivers
v0000000001130d30_0 .net "gt", 0 0, L_0000000001130e70;  1 drivers
v0000000001130dd0_0 .net "sm", 0 0, L_0000000001130fb0;  1 drivers
S_00000000011acb90 .scope module, "uut" "comparator_df" 2 4, 3 1 0, S_00000000010dbb50;
 .timescale 0 0;
    .port_info 0 /OUTPUT 1 "gt"
    .port_info 1 /OUTPUT 1 "sm"
    .port_info 2 /OUTPUT 1 "eq"
    .port_info 3 /INPUT 4 "A"
    .port_info 4 /INPUT 4 "B"
v00000000010d94b0_0 .net "A", 3 0, v00000000011ace50_0;  1 drivers
v00000000010d8e10_0 .net "B", 3 0, v00000000011acef0_0;  1 drivers
v00000000010d8b50_0 .net "eq", 0 0, L_0000000001130f10;  alias, 1 drivers
v00000000011acd10_0 .net "gt", 0 0, L_0000000001130e70;  alias, 1 drivers
v00000000011acdb0_0 .net "sm", 0 0, L_0000000001130fb0;  alias, 1 drivers
L_0000000001130e70 .cmp/gt 4, v00000000011ace50_0, v00000000011acef0_0;
L_0000000001130f10 .cmp/eq 4, v00000000011ace50_0, v00000000011acef0_0;
L_0000000001130fb0 .cmp/gt 4, v00000000011acef0_0, v00000000011ace50_0;
    .scope S_00000000010dbb50;
T_0 ;
    %vpi_call 2 12 "$dumpfile", "comparator.vcd" {0 0 0};
    %vpi_call 2 13 "$dumpvars", 32'sb00000000000000000000000000000000, S_00000000010dbb50 {0 0 0};
    %pushi/vec4 0, 0, 4;
    %store/vec4 v00000000011ace50_0, 0, 4;
    %pushi/vec4 0, 0, 4;
    %store/vec4 v00000000011acef0_0, 0, 4;
    %delay 10, 0;
    %pushi/vec4 5, 0, 4;
    %store/vec4 v00000000011ace50_0, 0, 4;
    %pushi/vec4 3, 0, 4;
    %store/vec4 v00000000011acef0_0, 0, 4;
    %delay 10, 0;
    %pushi/vec4 2, 0, 4;
    %store/vec4 v00000000011ace50_0, 0, 4;
    %pushi/vec4 8, 0, 4;
    %store/vec4 v00000000011acef0_0, 0, 4;
    %delay 10, 0;
    %pushi/vec4 15, 0, 4;
    %store/vec4 v00000000011ace50_0, 0, 4;
    %pushi/vec4 15, 0, 4;
    %store/vec4 v00000000011acef0_0, 0, 4;
    %delay 10, 0;
    %pushi/vec4 6, 0, 4;
    %store/vec4 v00000000011ace50_0, 0, 4;
    %pushi/vec4 7, 0, 4;
    %store/vec4 v00000000011acef0_0, 0, 4;
    %delay 10, 0;
    %pushi/vec4 10, 0, 4;
    %store/vec4 v00000000011ace50_0, 0, 4;
    %pushi/vec4 5, 0, 4;
    %store/vec4 v00000000011acef0_0, 0, 4;
    %delay 10, 0;
    %vpi_call 2 21 "$finish" {0 0 0};
    %end;
    .thread T_0;
    .scope S_00000000010dbb50;
T_1 ;
    %vpi_call 2 24 "$monitor", "Time=%0t | A=%b | B=%b | gt=%b | eq=%b | sm=%b ", $time, v00000000011ace50_0, v00000000011acef0_0, v0000000001130d30_0, v0000000001130c90_0, v0000000001130dd0_0 {0 0 0};
    %end;
    .thread T_1;
# The file index is used to find the file name in the following table.
:file_names 4;
    "N/A";
    "<interactive>";
    "4bit_comparator_tb.v";
    "4bit_comparator.v";
